<?xml version="1.0" encoding="UTF-8"?>
<!-- Generated by org.testng.reporters.JUnitReportReporter -->
<testsuite hostname="elihle" failures="0" tests="11" name="api.test.PetTest" time="17.359" errors="0" timestamp="2025-09-06T05:58:06 SAST" skipped="1">
  <testcase classname="api.test.PetTest" name="testPetName" time="0.201"/>
  <testcase classname="api.test.PetTest" name="testPetCategory" time="0.099"/>
  <testcase classname="api.test.PetTest" name="testPetTags" time="0.729"/>
  <testcase classname="api.test.PetTest" name="testPetStatus" time="0.074"/>
  <testcase classname="api.test.PetTest" name="testUploadPetImage" time="4.414"/>
  <testcase classname="api.test.PetTest" name="testUpdatePetNameAndTags" time="1.622"/>
  <testcase classname="api.test.PetTest" name="testListPetsByStatus" time="1.275"/>
  <testcase classname="api.test.PetTest" name="testListPetById" time="1.886"/>
  <testcase classname="api.test.PetTest" name="testUpdatePetWithFormData" time="2.324"/>
  <testcase classname="api.test.PetTest" name="testDeletePetById" time="2.268"/>
  <testcase classname="api.test.PetTest" name="testDeletePetById" time="2.467">
    <skipped/>
  </testcase> <!-- testDeletePetById -->
</testsuite> <!-- api.test.PetTest -->
