<?xml version="1.0" encoding="UTF-8"?>
<!-- Generated by org.testng.reporters.JUnitReportReporter -->
<testsuite hostname="elihle" failures="0" tests="11" name="api.test.PetTest" time="23.650" errors="0" timestamp="2025-10-01T10:05:18 SAST" skipped="1">
  <testcase classname="api.test.PetTest" name="testPetName" time="0.117"/>
  <testcase classname="api.test.PetTest" name="testPetCategory" time="0.068"/>
  <testcase classname="api.test.PetTest" name="testPetTags" time="0.752"/>
  <testcase classname="api.test.PetTest" name="testPetStatus" time="0.052"/>
  <testcase classname="api.test.PetTest" name="testUploadPetImage" time="4.512"/>
  <testcase classname="api.test.PetTest" name="testUpdatePetNameAndTags" time="1.257"/>
  <testcase classname="api.test.PetTest" name="testListPetsByStatus" time="1.174"/>
  <testcase classname="api.test.PetTest" name="testListPetById" time="2.278"/>
  <testcase classname="api.test.PetTest" name="testUpdatePetWithFormData" time="1.182"/>
  <testcase classname="api.test.PetTest" name="testDeletePetById" time="4.643">
    <skipped/>
  </testcase> <!-- testDeletePetById -->
  <testcase classname="api.test.PetTest" name="testDeletePetById" time="7.615"/>
</testsuite> <!-- api.test.PetTest -->
