<?xml version="1.0" encoding="UTF-8"?>
<!-- Generated by org.testng.reporters.JUnitReportReporter -->
<testsuite hostname="elihle" failures="0" tests="9" name="api.test.PetTest" time="13.402" errors="0" timestamp="2025-09-05T17:36:06 SAST" skipped="0">
  <testcase classname="api.test.PetTest" name="testPetName" time="0.087"/>
  <testcase classname="api.test.PetTest" name="testPetCategory" time="0.206"/>
  <testcase classname="api.test.PetTest" name="testPetTags" time="0.999"/>
  <testcase classname="api.test.PetTest" name="testPetStatus" time="0.192"/>
  <testcase classname="api.test.PetTest" name="testUploadPetImage" time="5.718"/>
  <testcase classname="api.test.PetTest" name="testUpdatePetNameAndTags" time="1.423"/>
  <testcase classname="api.test.PetTest" name="testListPetsByStatus" time="1.188"/>
  <testcase classname="api.test.PetTest" name="testListPetById" time="1.432"/>
  <testcase classname="api.test.PetTest" name="testUpdatePetWithFormData" time="2.157"/>
</testsuite> <!-- api.test.PetTest -->
