<?xml version="1.0" encoding="UTF-8"?>
<!-- Generated by org.testng.reporters.JUnitReportReporter -->
<testsuite hostname="elihle" failures="0" tests="8" name="api.test.UserTest" time="20.970" errors="0" timestamp="2025-10-02T12:56:12 SAST" skipped="0">
  <testcase classname="api.test.UserTest" name="testCreateNewUser" time="10.862"/>
  <testcase classname="api.test.UserTest" name="testGetExistingUser" time="1.312"/>
  <testcase classname="api.test.UserTest" name="testUpdateExistingUser" time="2.427"/>
  <testcase classname="api.test.UserTest" name="testDeleteExistingUser" time="1.635"/>
  <testcase classname="api.test.UserTest" name="testCreateUsersWithList" time="1.143"/>
  <testcase classname="api.test.UserTest" name="testCreateUsersWithArray" time="1.336"/>
  <testcase classname="api.test.UserTest" name="testUserLogin" time="1.142"/>
  <testcase classname="api.test.UserTest" name="testUserLogout" time="1.113"/>
</testsuite> <!-- api.test.UserTest -->
