<?xml version="1.0" encoding="UTF-8"?>
<!-- Generated by org.testng.reporters.JUnitReportReporter -->
<testsuite hostname="elihle" failures="0" tests="2" name="api.test.PetTest" time="28.101" errors="0" timestamp="2025-09-04T18:45:39 SAST" skipped="0">
  <testcase classname="api.test.PetTest" name="testAddNewPet" time="10.286"/>
  <testcase classname="api.test.PetTest" name="testUploadPetImage" time="17.815"/>
</testsuite> <!-- api.test.PetTest -->
