<?xml version="1.0" encoding="UTF-8"?>
<!-- Generated by org.testng.reporters.JUnitReportReporter -->
<testsuite hostname="elihle" failures="0" tests="9" name="api.test.UserTest" time="38.471" errors="0" timestamp="2025-09-06T05:58:06 SAST" skipped="1">
  <testcase classname="api.test.UserTest" name="testCreateNewUser" time="24.437"/>
  <testcase classname="api.test.UserTest" name="testGetExistingUser" time="1.404">
    <skipped/>
  </testcase> <!-- testGetExistingUser -->
  <testcase classname="api.test.UserTest" name="testGetExistingUser" time="1.244"/>
  <testcase classname="api.test.UserTest" name="testUpdateExistingUser" time="2.514"/>
  <testcase classname="api.test.UserTest" name="testDeleteExistingUser" time="1.112"/>
  <testcase classname="api.test.UserTest" name="testCreateUsersWithList" time="1.165"/>
  <testcase classname="api.test.UserTest" name="testCreateUsersWithArray" time="1.210"/>
  <testcase classname="api.test.UserTest" name="testUserLogin" time="3.730"/>
  <testcase classname="api.test.UserTest" name="testUserLogout" time="1.655"/>
</testsuite> <!-- api.test.UserTest -->
