<?xml version="1.0" encoding="UTF-8"?>
<!-- Generated by org.testng.reporters.JUnitReportReporter -->
<testsuite hostname="elihle" failures="0" tests="10" name="api.test.PetTest" time="14.601" errors="0" timestamp="2025-10-01T11:38:18 SAST" skipped="0">
  <testcase classname="api.test.PetTest" name="testPetName" time="0.132"/>
  <testcase classname="api.test.PetTest" name="testPetCategory" time="0.080"/>
  <testcase classname="api.test.PetTest" name="testPetTags" time="0.301"/>
  <testcase classname="api.test.PetTest" name="testPetStatus" time="0.113"/>
  <testcase classname="api.test.PetTest" name="testUploadPetImage" time="4.570"/>
  <testcase classname="api.test.PetTest" name="testUpdatePetNameAndTags" time="1.360"/>
  <testcase classname="api.test.PetTest" name="testListPetsByStatus" time="1.546"/>
  <testcase classname="api.test.PetTest" name="testListPetById" time="1.219"/>
  <testcase classname="api.test.PetTest" name="testUpdatePetWithFormData" time="1.259"/>
  <testcase classname="api.test.PetTest" name="testDeletePetById" time="4.021"/>
</testsuite> <!-- api.test.PetTest -->
