<?xml version="1.0" encoding="UTF-8"?>
<!-- Generated by org.testng.reporters.JUnitReportReporter -->
<testsuite hostname="elihle" failures="0" tests="9" name="api.test.UserTest" time="19.634" errors="0" timestamp="2025-10-01T10:05:18 SAST" skipped="1">
  <testcase classname="api.test.UserTest" name="testCreateNewUser" time="7.840"/>
  <testcase classname="api.test.UserTest" name="testGetExistingUser" time="1.304">
    <skipped/>
  </testcase> <!-- testGetExistingUser -->
  <testcase classname="api.test.UserTest" name="testGetExistingUser" time="1.184"/>
  <testcase classname="api.test.UserTest" name="testUpdateExistingUser" time="2.654"/>
  <testcase classname="api.test.UserTest" name="testDeleteExistingUser" time="1.266"/>
  <testcase classname="api.test.UserTest" name="testCreateUsersWithList" time="1.547"/>
  <testcase classname="api.test.UserTest" name="testCreateUsersWithArray" time="1.509"/>
  <testcase classname="api.test.UserTest" name="testUserLogin" time="1.188"/>
  <testcase classname="api.test.UserTest" name="testUserLogout" time="1.142"/>
</testsuite> <!-- api.test.UserTest -->
