<?xml version="1.0" encoding="UTF-8"?>
<!-- Generated by org.testng.reporters.JUnitReportReporter -->
<testsuite hostname="elihle" failures="0" tests="10" name="api.test.PetTest" time="14.379" errors="0" timestamp="2025-10-01T09:26:12 SAST" skipped="0">
  <testcase classname="api.test.PetTest" name="testPetName" time="0.070"/>
  <testcase classname="api.test.PetTest" name="testPetCategory" time="0.076"/>
  <testcase classname="api.test.PetTest" name="testPetTags" time="0.426"/>
  <testcase classname="api.test.PetTest" name="testPetStatus" time="0.064"/>
  <testcase classname="api.test.PetTest" name="testUploadPetImage" time="5.910"/>
  <testcase classname="api.test.PetTest" name="testUpdatePetNameAndTags" time="1.590"/>
  <testcase classname="api.test.PetTest" name="testListPetsByStatus" time="1.200"/>
  <testcase classname="api.test.PetTest" name="testListPetById" time="1.201"/>
  <testcase classname="api.test.PetTest" name="testUpdatePetWithFormData" time="1.417"/>
  <testcase classname="api.test.PetTest" name="testDeletePetById" time="2.425"/>
</testsuite> <!-- api.test.PetTest -->
